<?xml version="1.0" encoding="UTF-8"?>
<!-- Generated by org.testng.reporters.JUnitXMLReporter -->
<testsuite hostname="ICPL11500" ignored="1" name="BDD Test" tests="1" failures="0" timestamp="10 Jan 2018 10:43:42 GMT" time="26.722" errors="0">
  <testcase name="Add To cart scenario" time="20.105" classname="com.qmetry.qaf.automation.step.client.DataDrivenScenario">
    <skipped/>
  </testcase> <!-- Add To cart scenario -->
  <testcase name="Add To cart scenario" time="0.0" classname="com.qmetry.qaf.automation.step.client.DataDrivenScenario">
    <ignored/>
  </testcase> <!-- Add To cart scenario -->
</testsuite> <!-- BDD Test -->
