<?xml version="1.0" encoding="UTF-8"?>
<!-- Generated by org.testng.reporters.JUnitXMLReporter -->
<testsuite hostname="ICPL11500" ignored="1" name="BDD Test" tests="4" failures="0" timestamp="19 Jan 2018 09:54:20 GMT" time="337.528" errors="0">
  <testcase name="AddToCart" time="95.452" classname="com.qmetry.qaf.automation.step.client.DataDrivenScenario"/>
  <testcase name="AddToCart" time="78.846" classname="com.qmetry.qaf.automation.step.client.DataDrivenScenario"/>
  <testcase name="AddToCart" time="75.889" classname="com.qmetry.qaf.automation.step.client.DataDrivenScenario"/>
  <testcase name="AddToCart" time="81.416" classname="com.qmetry.qaf.automation.step.client.DataDrivenScenario"/>
  <testcase name="AddToCart" time="0.0" classname="com.qmetry.qaf.automation.step.client.DataDrivenScenario">
    <ignored/>
  </testcase> <!-- AddToCart -->
</testsuite> <!-- BDD Test -->
