<?xml version="1.0" encoding="UTF-8"?>
<testng-results skipped="0" failed="0" ignored="0" total="1" passed="1">
  <reporter-output>
    <line>
      <![CDATA[<div style="display:block;margin-left:10px;"><div  class="pass"><span class="pass-label">P </span>
Expected: a value greater than &lt;0&gt;
     Actual: &lt;5&gt; was greater than &lt;0&gt; <a href="../img/verifyOrder_1utg83y82dhug20267.png" target="_blank">[View Screenshot]</a> </div><div  class="pass"><span class="pass-label">P </span>
Expected: a string containing "Crew-Neck Slub T-shirt"
     Actual: was "Crew-Neck Slub T-shirt" <a href="../img/verifyOrder_1t6xqvmcq0wd20268.png" target="_blank">[View Screenshot]</a> </div><div  class="pass"><span class="pass-label">P </span>
Expected: a string containing "Rs. 150"
     Actual: was "Rs. 150  Rs. 299  (50% off)" <a href="../img/verifyOrder_esf50wuci9qx20269.png" target="_blank">[View Screenshot]</a> </div><div  class="pass"><span class="pass-label">P </span>
Expected: &lt;true&gt;
     Actual: was &lt;true&gt; <a href="../img/verifyOrder_1trw3ed6we5ft20270.png" target="_blank">[View Screenshot]</a> </div></div>]]>
    </line>
  </reporter-output>
  <suite name="Suite" duration-ms="85432" started-at="2018-01-10T11:56:39Z" finished-at="2018-01-10T11:58:05Z">
    <groups>
    </groups>
    <test name="Test" duration-ms="85432" started-at="2018-01-10T11:56:39Z" finished-at="2018-01-10T11:58:05Z">
      <class name="com.ajioapptest.Test.TestAjioOrder">
        <test-method status="PASS" signature="verifyOrder()[pri:0, instance:com.ajioapptest.Test.TestAjioOrder@7bb58ca3]" name="verifyOrder" duration-ms="85369" started-at="2018-01-10T17:26:39Z" finished-at="2018-01-10T17:28:05Z">
          <reporter-output>
            <line>
              <![CDATA[<div style="display:block;margin-left:10px;"><div  class="pass"><span class="pass-label">P </span>
Expected: a value greater than &lt;0&gt;
     Actual: &lt;5&gt; was greater than &lt;0&gt; <a href="../img/verifyOrder_1utg83y82dhug20267.png" target="_blank">[View Screenshot]</a> </div><div  class="pass"><span class="pass-label">P </span>
Expected: a string containing "Crew-Neck Slub T-shirt"
     Actual: was "Crew-Neck Slub T-shirt" <a href="../img/verifyOrder_1t6xqvmcq0wd20268.png" target="_blank">[View Screenshot]</a> </div><div  class="pass"><span class="pass-label">P </span>
Expected: a string containing "Rs. 150"
     Actual: was "Rs. 150  Rs. 299  (50% off)" <a href="../img/verifyOrder_esf50wuci9qx20269.png" target="_blank">[View Screenshot]</a> </div><div  class="pass"><span class="pass-label">P </span>
Expected: &lt;true&gt;
     Actual: was &lt;true&gt; <a href="../img/verifyOrder_1trw3ed6we5ft20270.png" target="_blank">[View Screenshot]</a> </div></div>]]>
            </line>
          </reporter-output>
        </test-method> <!-- verifyOrder -->
      </class> <!-- com.ajioapptest.Test.TestAjioOrder -->
    </test> <!-- Test -->
  </suite> <!-- Suite -->
</testng-results>
